C251 COMPILER V5.60.0,  isr                                                                12/06/25  19:59:40  PAGE 1   


C251 COMPILER V5.60.0, COMPILATION OF MODULE isr
OBJECT MODULE PLACED IN .\out_file\isr.obj
COMPILER INVOKED BY: C:\Keil_v5\C251\BIN\C251.EXE ..\user\isr.c LARGE NOALIAS WARNINGLEVEL(3) OPTIMIZE(1,SIZE) BROWSE IN
                    -CDIR(..\..\libraries\zf_common;..\..\libraries\zf_components;..\..\libraries\zf_device;..\..\libraries\zf_driver;..\user
                    -;..\code) DEBUG PRINT(.\out_file\isr.lst) TABS(2) OBJECT(.\out_file\isr.obj) 

stmt  level    source

    1          /********************************************************************************************************
             -*************
    2          * AI8051U Opensourec Library å³ï¼ˆAI8051U å¼€æºåº“ï¼‰æ˜¯ä¸€ä¸ªåŸºäºå®˜æ–¹ SDK æ¥å£çš„ç¬¬ä¸‰æ–¹å¼€æº
             -åº“
    3          * Copyright (c) 2022 SEEKFREE é€é£ç§‘æŠ€
    4          *
    5          * æœ¬æ–‡ä»¶æ˜¯STC å¼€æºåº“çš„ä¸€éƒ¨åˆ†
    6          *
    7          * AI8051U å¼€æºåº“ æ˜¯å…è´¹è½¯ä»¶
    8          * æ‚¨å¯ä»¥æ ¹æ®è‡ªç”±è½¯ä»¶åŸºé‡‘ä¼šå‘å¸ƒçš„ GPLï¼ˆGNU General Public Licenseï¼Œå³ GNUé€šç”¨å…¬å…±è®¸
             -å¯è¯ï¼‰çš„æ¡æ¬¾
    9          * å³ GPL çš„ç¬¬3ç‰ˆï¼ˆå³ GPL3.0ï¼‰æˆ–ï¼ˆæ‚¨é€‰æ‹©çš„ï¼‰ä»»ä½•åæ¥çš„ç‰ˆæœ¬ï¼Œé‡æ–°å‘å¸ƒå’Œ/æˆ–ä¿®æ”
             -¹å®ƒ
   10          *
   11          * æœ¬å¼€æºåº“çš„å‘å¸ƒæ˜¯å¸Œæœ›å®ƒèƒ½å‘æŒ¥ä½œç”¨ï¼Œä½†å¹¶æœªå¯¹å…¶ä½œä»»ä½•çš„ä¿è¯
   12          * ç”šè‡³æ²¡æœ‰éšå«çš„é€‚é”€æ€§æˆ–é€‚åˆç‰¹å®šç”¨é€”çš„ä¿è¯
   13          * æ›´å¤šç»†èŠ‚è¯·å‚è§ GPL
   14          *
   15          * æ‚¨åº”è¯¥åœ¨æ”¶åˆ°æœ¬å¼€æºåº“çš„åŒæ—¶æ”¶åˆ°ä¸€ä»½ GPL çš„å‰¯æœ¬
   16          * å¦‚æœæ²¡æœ‰ï¼Œè¯·å‚é˜…<https://www.gnu.org/licenses/>
   17          *
   18          * é¢å¤–æ³¨æ˜ï¼š
   19          * æœ¬å¼€æºåº“ä½¿ç”¨ GPL3.0 å¼€æºè®¸å¯è¯åè®® ä»¥ä¸Šè®¸å¯ç”³æ˜ä¸ºè¯‘æ–‡ç‰ˆæœ¬
   20          * è®¸å¯ç”³æ˜è‹±æ–‡ç‰ˆåœ¨ libraries/doc æ–‡ä»¶å¤¹ä¸‹çš„ GPL3_permission_statement.txt æ–‡ä»¶ä¸­
   21          * è®¸å¯è¯å‰¯æœ¬åœ¨ libraries æ–‡ä»¶å¤¹ä¸‹ å³è¯¥æ–‡ä»¶å¤¹ä¸‹çš„ LICENSE æ–‡ä»¶
   22          * æ¬¢è¿å„ä½ä½¿ç”¨å¹¶ä¼ æ’­æœ¬ç¨‹åº ä½†ä¿®æ”¹å†…å®¹æ—¶å¿…é¡»ä¿ç•™é€é£ç§‘æŠ€çš„ç‰ˆæƒå£°æ˜ï¼ˆå³æœ¬
             -å£°æ˜ï¼‰
   23          *
   24          * æ–‡ä»¶åç§°          
   25          * å…¬å¸åç§°          æˆéƒ½é€é£ç§‘æŠ€æœ‰é™å…¬å¸
   26          * ç‰ˆæœ¬ä¿¡æ¯          æŸ¥çœ‹ libraries/doc æ–‡ä»¶å¤¹å†… version æ–‡ä»¶ ç‰ˆæœ¬è¯´æ˜
   27          * å¼€å‘ç¯å¢ƒ          MDK FOR C251
   28          * é€‚ç”¨å¹³å°          AI8051U
   29          * åº—é“ºé“¾æ¥          https://seekfree.taobao.com/
   30          *
   31          * ä¿®æ”¹è®°å½•
   32          * æ—¥æœŸ              ä½œè€…           å¤‡æ³¨
   33          * 2024-08-01        å¤§W            first version
   34          *********************************************************************************************************
             -***********/
   35          
   36          #include "zf_common_headfile.h"
   37          
   38          
   39          
   40          void DMA_UART1_IRQHandler (void) interrupt 4
   41          {
   42   1          static vuint8 dwon_count = 0;
   43   1          if (DMA_UR1R_STA & 0x01)    // æ¥æ”¶å®Œæˆ
   44   1          {
   45   2              DMA_UR1R_STA &= ~0x01;    // æ¸…æ ‡å¿—ä½
   46   2              uart_rx_start_buff(UART_1); // è®¾ç½®ä¸‹ä¸€æ¬¡æ¥æ”¶ï¼ŒåŠ¡å¿…ä¿ç•™
   47   2              
   48   2              //ç¨‹åºè‡ªåŠ¨ä¸‹è½½
   49   2              if(uart_rx_buff[UART_1][0] == 0x7F)
   50   2              {
   51   3                  if(dwon_count++ > 20)
C251 COMPILER V5.60.0,  isr                                                                12/06/25  19:59:40  PAGE 2   

   52   3                  {
   53   4                      IAP_CONTR = 0x60;
   54   4                  }
   55   3              }
   56   2              else
   57   2              {
   58   3                  dwon_count = 0;
   59   3              }
   60   2              
   61   2              if(uart1_irq_handler != NULL)
   62   2              {
   63   3                  uart1_irq_handler(uart_rx_buff[UART_1][0]);
   64   3              }
   65   2          }
   66   1          
   67   1          if (DMA_UR1R_STA & 0x02)  //æ•°æ®ä¸¢å¼ƒ
   68   1          {
   69   2              DMA_UR1R_STA &= ~0x02;  //æ¸…æ ‡å¿—ä½
   70   2              uart_rx_start_buff(UART_1); // è®¾ç½®ä¸‹ä¸€æ¬¡æ¥æ”¶ï¼ŒåŠ¡å¿…ä¿ç•™
   71   2              // å¦‚æœè¿›å…¥äº†è¿™ä¸ªä¸­æ–­ï¼Œåˆ™ä»£è¡¨UARTçš„æ•°æ®åœ¨æ²¡æœ‰å–èµ°ä¹‹å‰è¢«è¦†ç›–!
   72   2              // å¦‚æœè¿›å…¥äº†è¿™ä¸ªä¸­æ–­ï¼Œåˆ™ä»£è¡¨UARTçš„æ•°æ®åœ¨æ²¡æœ‰å–èµ°ä¹‹å‰è¢«è¦†ç›–!
   73   2              // å¦‚æœè¿›å…¥äº†è¿™ä¸ªä¸­æ–­ï¼Œåˆ™ä»£è¡¨UARTçš„æ•°æ®åœ¨æ²¡æœ‰å–èµ°ä¹‹å‰è¢«è¦†ç›–!
   74   2          }
   75   1      }
   76          
   77          
   78          
   79          void DMA_UART2_IRQHandler (void) interrupt 8
   80          {
   81   1      
   82   1          if (DMA_UR2R_STA & 0x01)    // æ¥æ”¶å®Œæˆ
   83   1          {
   84   2              DMA_UR2R_STA &= ~0x01;    // æ¸…æ ‡å¿—ä½
   85   2              uart_rx_start_buff(UART_2); // è®¾ç½®ä¸‹ä¸€æ¬¡æ¥æ”¶ï¼ŒåŠ¡å¿…ä¿ç•™
   86   2              
   87   2              if(uart2_irq_handler != NULL)
   88   2              {
   89   3                  uart2_irq_handler(uart_rx_buff[UART_2][0]);
   90   3              }
   91   2          }
   92   1          
   93   1          if (DMA_UR2R_STA & 0x02)    //æ•°æ®ä¸¢å¼ƒ
   94   1          {
   95   2              DMA_UR2R_STA &= ~0x02;    //æ¸…æ ‡å¿—ä½
   96   2              uart_rx_start_buff(UART_2); // è®¾ç½®ä¸‹ä¸€æ¬¡æ¥æ”¶ï¼ŒåŠ¡å¿…ä¿ç•™
   97   2              // å¦‚æœè¿›å…¥äº†è¿™ä¸ªä¸­æ–­ï¼Œåˆ™ä»£è¡¨UARTçš„æ•°æ®åœ¨æ²¡æœ‰å–èµ°ä¹‹å‰è¢«è¦†ç›–!
   98   2              // å¦‚æœè¿›å…¥äº†è¿™ä¸ªä¸­æ–­ï¼Œåˆ™ä»£è¡¨UARTçš„æ•°æ®åœ¨æ²¡æœ‰å–èµ°ä¹‹å‰è¢«è¦†ç›–!
   99   2              // å¦‚æœè¿›å…¥äº†è¿™ä¸ªä¸­æ–­ï¼Œåˆ™ä»£è¡¨UARTçš„æ•°æ®åœ¨æ²¡æœ‰å–èµ°ä¹‹å‰è¢«è¦†ç›–!
  100   2              
  101   2          }
  102   1      }
  103          
  104          void DMA_UART3_IRQHandler (void) interrupt 17
  105          {
  106   1      
  107   1          if (DMA_UR3R_STA & 0x01)    // æ¥æ”¶å®Œæˆ
  108   1          {
  109   2              DMA_UR3R_STA &= ~0x01;    // æ¸…æ ‡å¿—ä½
  110   2              uart_rx_start_buff(UART_3); // è®¾ç½®ä¸‹ä¸€æ¬¡æ¥æ”¶ï¼ŒåŠ¡å¿…ä¿ç•™
  111   2              
  112   2              if(uart3_irq_handler != NULL)
  113   2              {
  114   3              
  115   3                  uart3_irq_handler(uart_rx_buff[UART_3][0]);
  116   3                  
  117   3              }
C251 COMPILER V5.60.0,  isr                                                                12/06/25  19:59:40  PAGE 3   

  118   2          }
  119   1          
  120   1          if (DMA_UR3R_STA & 0x02)    //æ•°æ®ä¸¢å¼ƒ
  121   1          {
  122   2              DMA_UR3R_STA &= ~0x02;    //æ¸…æ ‡å¿—ä½
  123   2              uart_rx_start_buff(UART_3); // è®¾ç½®ä¸‹ä¸€æ¬¡æ¥æ”¶ï¼ŒåŠ¡å¿…ä¿ç•™
  124   2              // å¦‚æœè¿›å…¥äº†è¿™ä¸ªä¸­æ–­ï¼Œåˆ™ä»£è¡¨UARTçš„æ•°æ®åœ¨æ²¡æœ‰å–èµ°ä¹‹å‰è¢«è¦†ç›–!
  125   2              // å¦‚æœè¿›å…¥äº†è¿™ä¸ªä¸­æ–­ï¼Œåˆ™ä»£è¡¨UARTçš„æ•°æ®åœ¨æ²¡æœ‰å–èµ°ä¹‹å‰è¢«è¦†ç›–!
  126   2              // å¦‚æœè¿›å…¥äº†è¿™ä¸ªä¸­æ–­ï¼Œåˆ™ä»£è¡¨UARTçš„æ•°æ®åœ¨æ²¡æœ‰å–èµ°ä¹‹å‰è¢«è¦†ç›–!
  127   2              
  128   2          }
  129   1      }
  130          
  131          void DMA_UART4_IRQHandler (void) interrupt 18
  132          {
  133   1      
  134   1          if (DMA_UR4R_STA & 0x01)    // æ¥æ”¶å®Œæˆ
  135   1          {
  136   2              DMA_UR4R_STA &= ~0x01;    // æ¸…æ ‡å¿—ä½
  137   2              uart_rx_start_buff(UART_4); // è®¾ç½®ä¸‹ä¸€æ¬¡æ¥æ”¶ï¼ŒåŠ¡å¿…ä¿ç•™
  138   2              
  139   2              if(uart4_irq_handler != NULL)
  140   2              {
  141   3                  uart4_irq_handler(uart_rx_buff[UART_4][0]);
  142   3                  
  143   3              }
  144   2          }
  145   1          
  146   1          if (DMA_UR4R_STA & 0x02)  //æ•°æ®ä¸¢å¼ƒ
  147   1          {
  148   2              DMA_UR4R_STA &= ~0x02;  //æ¸…æ ‡å¿—ä½
  149   2              uart_rx_start_buff(UART_4); // è®¾ç½®ä¸‹ä¸€æ¬¡æ¥æ”¶ï¼ŒåŠ¡å¿…ä¿ç•™
  150   2              // å¦‚æœè¿›å…¥äº†è¿™ä¸ªä¸­æ–­ï¼Œåˆ™ä»£è¡¨UARTçš„æ•°æ®åœ¨æ²¡æœ‰å–èµ°ä¹‹å‰è¢«è¦†ç›–!
  151   2              // å¦‚æœè¿›å…¥äº†è¿™ä¸ªä¸­æ–­ï¼Œåˆ™ä»£è¡¨UARTçš„æ•°æ®åœ¨æ²¡æœ‰å–èµ°ä¹‹å‰è¢«è¦†ç›–!
  152   2              // å¦‚æœè¿›å…¥äº†è¿™ä¸ªä¸­æ–­ï¼Œåˆ™ä»£è¡¨UARTçš„æ•°æ®åœ¨æ²¡æœ‰å–èµ°ä¹‹å‰è¢«è¦†ç›–!
  153   2              
  154   2          }
  155   1      }
  156          
  157          
  158          void TM0_IRQHandler() interrupt 1
  159          {
  160   1          TIM0_CLEAR_FLAG;
  161   1          
  162   1          if(tim0_irq_handler != NULL)
  163   1          {
  164   2              tim0_irq_handler();
  165   2          }
  166   1      }
  167          void TM1_IRQHandler() interrupt 3
  168          {
  169   1          TIM1_CLEAR_FLAG;
  170   1          
  171   1          if(tim1_irq_handler != NULL)
  172   1          {
  173   2              tim1_irq_handler();
  174   2          }
  175   1      }
  176          void TM2_IRQHandler() interrupt 12
  177          {
  178   1          TIM2_CLEAR_FLAG;
  179   1          
  180   1          if(tim2_irq_handler != NULL)
  181   1          {
  182   2              tim2_irq_handler();
  183   2          }
C251 COMPILER V5.60.0,  isr                                                                12/06/25  19:59:40  PAGE 4   

  184   1      }
  185          void TM3_IRQHandler() interrupt 19
  186          {
  187   1          TIM3_CLEAR_FLAG;
  188   1          
  189   1          if(tim3_irq_handler != NULL)
  190   1          {
  191   2              tim3_irq_handler();
  192   2          }
  193   1      }
  194          
  195          void TM4_IRQHandler() interrupt 20
  196          {
  197   1          TIM4_CLEAR_FLAG;
  198   1          
  199   1          if(tim4_irq_handler != NULL)
  200   1          {
  201   2              tim4_irq_handler();
  202   2          }
  203   1      }
  204          
  205          void TM11_IRQHandler() interrupt 24
  206          {
  207   1          TIM11_CLEAR_FLAG;
  208   1          
  209   1          if(tim11_irq_handler != NULL)
  210   1          {
  211   2              tim11_irq_handler();
  212   2              control_output();
  213   2          }
  214   1      }
  215          
  216          
  217          //#define     INT0_VECTOR             0       //0003H
  218          //#define     TMR0_VECTOR             1       //000BH
  219          //#define     INT1_VECTOR             2       //0013H
  220          //#define     TMR1_VECTOR             3       //001BH
  221          //#define     UART1_VECTOR            4       //0023H
  222          //#define     ADC_VECTOR              5       //002BH
  223          //#define     LVD_VECTOR              6       //0033H
  224          //#define     PCA_VECTOR              7       //003BH
  225          //#define     UART2_VECTOR            8       //0043H
  226          //#define     SPI_VECTOR              9       //004BH
  227          //#define     INT2_VECTOR             10      //0053H
  228          //#define     INT3_VECTOR             11      //005BH
  229          //#define     TMR2_VECTOR             12      //0063H
  230          //#define     USER_VECTOR             13      //006BH
  231          //#define     INT4_VECTOR             16      //0083H
  232          //#define     UART3_VECTOR            17      //008BH
  233          //#define     UART4_VECTOR            18      //0093H
  234          //#define     TMR3_VECTOR             19      //009BH
  235          //#define     TMR4_VECTOR             20      //00A3H
  236          //#define     CMP_VECTOR              21      //00ABH
  237          //#define     I2C_VECTOR              24      //00C3H
  238          //#define     USB_VECTOR              25      //00CBH
  239          //#define     PWMA_VECTOR             26      //00D3H
  240          //#define     PWMB_VECTOR             27      //00DBH
  241          
  242          //#define     RTC_VECTOR              36      //0123H
  243          //#define     P0INT_VECTOR            37      //012BH
  244          //#define     P1INT_VECTOR            38      //0133H
  245          //#define     P2INT_VECTOR            39      //013BH
  246          //#define     P3INT_VECTOR            40      //0143H
  247          //#define     P4INT_VECTOR            41      //014BH
  248          //#define     P5INT_VECTOR            42      //0153H
  249          //#define     P6INT_VECTOR            43      //015BH
C251 COMPILER V5.60.0,  isr                                                                12/06/25  19:59:40  PAGE 5   

  250          //#define     P7INT_VECTOR            44      //0163H
  251          //#define     DMA_M2M_VECTOR          47      //017BH
  252          //#define     DMA_ADC_VECTOR          48      //0183H
  253          //#define     DMA_SPI_VECTOR          49      //018BH
  254          //#define     DMA_UR1T_VECTOR         50      //0193H
  255          //#define     DMA_UR1R_VECTOR         51      //019BH
  256          //#define     DMA_UR2T_VECTOR         52      //01A3H
  257          //#define     DMA_UR2R_VECTOR         53      //01ABH
  258          //#define     DMA_UR3T_VECTOR         54      //01B3H
  259          //#define     DMA_UR3R_VECTOR         55      //01BBH
  260          //#define     DMA_UR4T_VECTOR         56      //01C3H
  261          //#define     DMA_UR4R_VECTOR         57      //01CBH
  262          //#define     DMA_LCM_VECTOR          58      //01D3H
  263          //#define     LCM_VECTOR              59      //01DBH
  264          //#define     DMA_I2CT_VECTOR         60      //01E3H
  265          //#define     DMA_I2CR_VECTOR         61      //01EBH
  266          //#define     I2S_VECTOR              62      //01F3H
  267          //#define     DMA_I2ST_VECTOR         63      //01FBH
  268          //#define     DMA_I2SR_VECTOR         64      //0203H
  269          //#define     DMA_QSPI_VECTOR         65      //020BH
  270          //#define     QSPI_VECTOR             66      //0213H
  271          //#define     TMR11_VECTOR            67      //021BH
  272          //#define     DMA_PWMAT_VECTOR        72      //0243H
  273          //#define     DMA_PWMAR_VECTOR        73      //024BH


Module Information          Static   Overlayable
------------------------------------------------
  code size            =       994     ------
  ecode size           =    ------     ------
  data size            =    ------     ------
  idata size           =    ------     ------
  pdata size           =    ------     ------
  xdata size           =         1     ------
  xdata-const size     =    ------     ------
  edata size           =    ------     ------
  bit size             =    ------     ------
  ebit size            =    ------     ------
  bitaddressable size  =    ------     ------
  ebitaddressable size =    ------     ------
  far data size        =    ------     ------
  huge data size       =    ------     ------
  const size           =    ------     ------
  hconst size          =         6     ------
End of Module Information.


C251 COMPILATION COMPLETE.  0 WARNING(S),  0 ERROR(S)
