C251 COMPILER V5.60.0,  key                                                                12/06/25  20:23:02  PAGE 1   


C251 COMPILER V5.60.0, COMPILATION OF MODULE key
OBJECT MODULE PLACED IN .\out_file\key.obj
COMPILER INVOKED BY: C:\Keil_v5\C251\BIN\C251.EXE ..\code\key.c LARGE NOALIAS WARNINGLEVEL(3) OPTIMIZE(1,SIZE) BROWSE IN
                    -CDIR(..\..\libraries\zf_common;..\..\libraries\zf_components;..\..\libraries\zf_device;..\..\libraries\zf_driver;..\user
                    -;..\code) DEBUG PRINT(.\out_file\key.lst) TABS(2) OBJECT(.\out_file\key.obj) 

stmt  level    source

    1          #include "zf_common_headfile.h"
    2          uint8 key1_state = 0;                               // æŒ‰é”®åŠ¨ä½œçŠ¶æ€
    3          uint8 key1_state_last = 0;                              // ä¸Šä¸€æ¬¡æŒ‰é”®åŠ¨ä½œçŠ¶æ€
    4          uint8 key1_flag=0;                                //   1æŒ‰ä¸‹ï¼Œæ¾å¼€0
    5          uint8 key1_count=0;
    6          
    7          uint8 key2_state = 0;                               // æŒ‰é”®åŠ¨ä½œçŠ¶æ€
    8          uint8 key2_state_last = 0;                              // ä¸Šä¸€æ¬¡æŒ‰é”®åŠ¨ä½œçŠ¶æ€
    9          uint8 key2_flag=0;                                //   1æŒ‰ä¸‹ï¼Œæ¾å¼€0
   10          uint8 key2_count=0;
   11          
   12          uint8 key3_state = 0;                               // æŒ‰é”®åŠ¨ä½œçŠ¶æ€
   13          uint8 key3_state_last = 0;                              // ä¸Šä¸€æ¬¡æŒ‰é”®åŠ¨ä½œçŠ¶æ€
   14          uint8 key3_flag=0;                                //   1æŒ‰ä¸‹ï¼Œæ¾å¼€0
   15          uint8 key3_count=0;
   16          
   17          uint8 key4_state = 0;                               // æŒ‰é”®åŠ¨ä½œçŠ¶æ€
   18          uint8 key4_state_last = 0;                              // ä¸Šä¸€æ¬¡æŒ‰é”®åŠ¨ä½œçŠ¶æ€
   19          uint8 key4_flag=0;                                //   1æŒ‰ä¸‹ï¼Œæ¾å¼€0
   20          uint8 key4_count=0;
   21          
   22          uint8 key5_state = 0;                               // æŒ‰é”®åŠ¨ä½œçŠ¶æ€
   23          uint8 key5_state_last = 0;                              // ä¸Šä¸€æ¬¡æŒ‰é”®åŠ¨ä½œçŠ¶æ€
   24          uint8 key5_flag=0;                                //   1æŒ‰ä¸‹ï¼Œæ¾å¼€0
   25          uint8 key5_count=0;
   26          
   27          //æŒ‰é”®ä¿¡å·é‡åŠæŒ‰é”®åé¦ˆä¿¡å·é‡
   28          
   29          /*-------------------æŒ‰é”®--------------------
   30                              button1å·¦æ‘‡
   31                              button2å³æ‘‡
   32                              button3ä¸‹æ‘‡
   33                              button4ä¸Šæ‘‡
   34                              button5ç¡®å®š
   35          ---------------------------------------------*/
   36          uint8 button1=0,button2=0,button3=0,button4=0,button5=0;
   37          #ifdef  MENU_USE_RTT
               #endif
   39          
   40          int  key1_can(void)
   41          {
   42   1              key1_state_last = key1_state;
   43   1              key1_state = gpio_get_level(KEY_1);
   44   1              if(key1_state && !key1_state_last)   
   45   1              {         
   46   2                key1_flag = 1;
   47   2                return  1;
   48   2              }
   49   1        else 
   50   1          return 0;
   51   1      }
   52          
   53          int  key2_can(void)
   54          {
   55   1              key2_state_last = key2_state;
   56   1              key2_state = gpio_get_level(KEY_2);
   57   1              if(key2_state && !key2_state_last)   
C251 COMPILER V5.60.0,  key                                                                12/06/25  20:23:02  PAGE 2   

   58   1              {         
   59   2                key2_flag = 1;
   60   2                return  1;
   61   2              }
   62   1        else 
   63   1          return 0;
   64   1      }
   65          
   66          
   67          int  key3_can(void)
   68          {
   69   1              key3_state_last = key3_state;
   70   1              key3_state = gpio_get_level(KEY_3);
   71   1              if(key3_state && !key3_state_last)   
   72   1              {         
   73   2                key3_flag = 1;
   74   2                return  1;
   75   2              }
   76   1        else 
   77   1          return 0;
   78   1      }
   79          
   80          int  key4_can(void)
   81          {
   82   1              key4_state_last = key4_state;
   83   1              key4_state = gpio_get_level(KEY_4);
   84   1              if(key4_state && !key4_state_last)   
   85   1              {         
   86   2                key4_flag = 1;
   87   2                return  1;
   88   2              }
   89   1        else 
   90   1          return 0;
   91   1      }
   92          
   93          int  key5_can(void)
   94          {
   95   1              key5_state_last = key5_state;
   96   1              key5_state = gpio_get_level(KEY_5);
   97   1              if(key5_state && !key5_state_last)   
   98   1              {         
   99   2                key5_flag = 1;
  100   2                return  1;
  101   2              }
  102   1        else 
  103   1          return 0;
  104   1      }
  105          
  106          void button_entry(void)
  107          {
  108   1        uint8 i;
  109   1        static uint8 long_press_cnt=0;
  110   1        static uint8 long_press_button=0;
  111   1        static uint8 debounce_counter[5] = {0, 0, 0, 0, 0}; // æ·»åŠ æ¶ˆæŠ–è®¡æ•°å™¨
  112   1          
  113   1          #ifdef  MENU_USE_RTT
                   while(1)
                   {
                   #endif
  117   1      
  118   1          //ä¿å­˜æŒ‰é”®çŠ¶æ€
  119   1          key1_state_last = key1_state;
  120   1          key2_state_last = key2_state;
  121   1          key3_state_last = key3_state;
  122   1          key4_state_last = key4_state;
  123   1          key5_state_last = key5_state;
C251 COMPILER V5.60.0,  key                                                                12/06/25  20:23:02  PAGE 3   

  124   1          
  125   1          //è¯»å–å½“å‰æŒ‰é”®çŠ¶æ€
  126   1          key1_state = gpio_get_level(KEY_1);
  127   1          key2_state = gpio_get_level(KEY_2);
  128   1          key3_state = gpio_get_level(KEY_3);
  129   1          key4_state = gpio_get_level(KEY_4);
  130   1          key5_state = gpio_get_level(KEY_5);
  131   1          
  132   1      //    printf("key:%d %d %d %d %d %d\n",key1_state,key2_state,key3_state,key4_state,key5_state,key_switch_st
             -ate);
  133   1      
  134   1          
  135   1          //é•¿æŒ‰æ£€æµ‹
  136   1          if(!key1_state)
  137   1          {
  138   2            long_press_cnt++;
  139   2            long_press_cnt=long_press_cnt>LONG_PRESS_TIME?LONG_PRESS_TIME:long_press_cnt;
  140   2            if(long_press_cnt>=LONG_PRESS_TIME)long_press_button=1;
  141   2          }
  142   1          else if(!key2_state)
  143   1          {
  144   2            long_press_cnt++;
  145   2            long_press_cnt=long_press_cnt>LONG_PRESS_TIME?LONG_PRESS_TIME:long_press_cnt;
  146   2            if(long_press_cnt>=LONG_PRESS_TIME)long_press_button=2;
  147   2          }
  148   1          else if(!key3_state)
  149   1          {
  150   2            long_press_cnt++;
  151   2            long_press_cnt=long_press_cnt>LONG_PRESS_TIME?LONG_PRESS_TIME:long_press_cnt;
  152   2            if(long_press_cnt>=LONG_PRESS_TIME)long_press_button=3;
  153   2          }
  154   1          else if(!key4_state)
  155   1          {
  156   2            long_press_cnt++;
  157   2            long_press_cnt=long_press_cnt>LONG_PRESS_TIME?LONG_PRESS_TIME:long_press_cnt;
  158   2            if(long_press_cnt>=LONG_PRESS_TIME)long_press_button=4;
  159   2          }
  160   1          else if(!key5_state)
  161   1          {
  162   2            long_press_cnt++;
  163   2            long_press_cnt=long_press_cnt>LONG_PRESS_TIME?LONG_PRESS_TIME:long_press_cnt;
  164   2            if(long_press_cnt>=LONG_PRESS_TIME)long_press_button=5;
  165   2          }
  166   1          else
  167   1          {
  168   2            long_press_cnt=0;
  169   2            long_press_button=0;
  170   2          }
  171   1            
  172   1          //æ£€æµ‹åˆ°æŒ‰é”®æŒ‰ä¸‹ä¹‹åå¹¶æ”¾å¼€ é‡Šæ”¾ä¸€æ¬¡ä¿¡å·é‡
  173   1          button1 = 0;button2 = 0;button3 = 0;button4 = 0;button5 = 0;
  174   1          
  175   1          // å¢å¼ºæ¶ˆæŠ–å¤„ç†
  176   1          if((key1_state && !key1_state_last)||long_press_button==1)    
  177   1          {
  178   2                  if(debounce_counter[0] == 0) { // åªåœ¨æ¶ˆæŠ–è®¡æ•°ä¸º0æ—¶è§¦å‘
  179   3                      #ifdef  MENU_USE_RTT
                               rt_sem_release(key1_sem);
                               rt_sem_take(button_feedback_sem,RT_WAITING_FOREVER);
                               #else
  183   3                      button1 = 1;
  184   3                      #endif
  185   3                      debounce_counter[0] = 5; // è®¾ç½®æ¶ˆæŠ–è®¡æ•°ï¼Œé˜²æ­¢çŸ­æ—¶é—´å†…é‡å¤è§¦å‘
  186   3                  }
  187   2          }
  188   1          
C251 COMPILER V5.60.0,  key                                                                12/06/25  20:23:02  PAGE 4   

  189   1          if((key2_state && !key2_state_last)||long_press_button==2)    
  190   1          {
  191   2                  if(debounce_counter[1] == 0) {
  192   3                      #ifdef  MENU_USE_RTT
                               rt_sem_release(key2_sem);
                               rt_sem_take(button_feedback_sem,RT_WAITING_FOREVER);
                               #else
  196   3                      button2 = 1;
  197   3                      #endif
  198   3                      debounce_counter[1] = 5;
  199   3                  }
  200   2          }
  201   1          
  202   1          if((key3_state && !key3_state_last)||long_press_button==3)    
  203   1          {
  204   2                  if(debounce_counter[2] == 0) {
  205   3                      #ifdef  MENU_USE_RTT
                               rt_sem_release(key3_sem);
                               rt_sem_take(button_feedback_sem,RT_WAITING_FOREVER);
                               #else
  209   3                      button3 = 1;
  210   3                      #endif
  211   3                      debounce_counter[2] = 5;
  212   3                  }
  213   2              }
  214   1          
  215   1          if((key4_state && !key4_state_last)||long_press_button==4)    
  216   1          {
  217   2                  if(debounce_counter[3] == 0) {
  218   3                      #ifdef  MENU_USE_RTT
                               rt_sem_release(key4_sem);
                               rt_sem_take(button_feedback_sem,RT_WAITING_FOREVER);
                               #else
  222   3                      button4 = 1;
  223   3                      #endif
  224   3                      debounce_counter[3] = 5;
  225   3                  }
  226   2          }
  227   1          
  228   1          if((key5_state && !key5_state_last)||long_press_button==5)    
  229   1          {
  230   2                  if(debounce_counter[4] == 0) {
  231   3                      #ifdef  MENU_USE_RTT
                               rt_sem_release(key5_sem);
                               rt_sem_take(button_feedback_sem,RT_WAITING_FOREVER);
                               #else
  235   3                      button5 = 1;
  236   3                      #endif
  237   3                      debounce_counter[4] = 5;
  238   3                  }
  239   2          }
  240   1              
  241   1              // æ›´æ–°æ¶ˆæŠ–è®¡æ•°å™¨
  242   1              for(i = 0; i < 5; i++) {
  243   2                  if(debounce_counter[i] > 0) {
  244   3                      debounce_counter[i]--;
  245   3                  }
  246   2              }
  247   1              
  248   1              #ifdef  MENU_USE_RTT
                   rt_thread_mdelay(20);
                       #endif
  251   1          #ifdef  MENU_USE_RTT
                 }
                   #endif
  254   1      }
C251 COMPILER V5.60.0,  key                                                                12/06/25  20:23:02  PAGE 5   

  255          
  256          void key_into()
  257          {
  258   1        
  259   1          gpio_init(KEY_1, GPI, GPIO_LOW, GPI_PULL_UP);                                   // åˆå§‹åŒ–ä¸ºGPIOæµ
             -®ç©ºè¾“å…¥ é»˜è®¤ä¸Šæ‹‰é«˜ç”µå¹³
  260   1          gpio_init(KEY_2, GPI, GPIO_LOW, GPI_PULL_UP);                                   // åˆå§‹åŒ–ä¸ºGPIOæµ
             -®ç©ºè¾“å…¥ é»˜è®¤ä¸Šæ‹‰é«˜ç”µå¹³
  261   1          gpio_init(KEY_3, GPI, GPIO_LOW, GPI_PULL_UP);                                   // åˆå§‹åŒ–ä¸ºGPIOæµ
             -®ç©ºè¾“å…¥ é»˜è®¤ä¸Šæ‹‰é«˜ç”µå¹³
  262   1          gpio_init(KEY_4, GPI, GPIO_LOW, GPI_PULL_UP);                                   // åˆå§‹åŒ–ä¸ºGPIOæµ
             -®ç©ºè¾“å…¥ é»˜è®¤ä¸Šæ‹‰é«˜ç”µå¹³
  263   1          gpio_init(KEY_5, GPI, GPIO_LOW, GPI_PULL_UP);                                   // åˆå§‹åŒ–ä¸ºGPIOæµ
             -®ç©ºè¾“å…¥ é»˜è®¤ä¸Šæ‹‰é«˜ç”µå¹³
  264   1      }
  265          void key_text(void)
  266          {
  267   1        button_entry();
  268   1        ips200_show_uint8(0,0,button1); ips200_show_string(64,0,"button1");
  269   1        ips200_show_uint8(0,16,button2);  ips200_show_string(64,16,"button2");
  270   1        ips200_show_uint8(0,32,button3);  ips200_show_string(64,32,"button3");
  271   1        ips200_show_uint8(0,48,button4);  ips200_show_string(64,48,"button4");
  272   1        ips200_show_uint8(0,64,button5);  ips200_show_string(64,64,"button5");
  273   1      }


Module Information          Static   Overlayable
------------------------------------------------
  code size            =      1104     ------
  ecode size           =    ------     ------
  data size            =    ------     ------
  idata size           =    ------     ------
  pdata size           =    ------     ------
  xdata size           =        33     ------
  xdata-const size     =    ------     ------
  edata size           =    ------     ------
  bit size             =    ------     ------
  ebit size            =    ------     ------
  bitaddressable size  =    ------     ------
  ebitaddressable size =    ------     ------
  far data size        =    ------     ------
  huge data size       =    ------     ------
  const size           =    ------     ------
  hconst size          =       212     ------
End of Module Information.


C251 COMPILATION COMPLETE.  0 WARNING(S),  0 ERROR(S)
