C251 COMPILER V5.60.0,  main                                                               12/06/25  20:23:02  PAGE 1   


C251 COMPILER V5.60.0, COMPILATION OF MODULE main
OBJECT MODULE PLACED IN .\out_file\main.obj
COMPILER INVOKED BY: C:\Keil_v5\C251\BIN\C251.EXE ..\user\main.c LARGE NOALIAS WARNINGLEVEL(3) OPTIMIZE(1,SIZE) BROWSE I
                    -NCDIR(..\..\libraries\zf_common;..\..\libraries\zf_components;..\..\libraries\zf_device;..\..\libraries\zf_driver;..\use
                    -r;..\code) DEBUG PRINT(.\out_file\main.lst) TABS(2) OBJECT(.\out_file\main.obj) 

stmt  level    source

    1          /********************************************************************************************************
             -*************
    2          * AI8051U Opensourec Library å³ï¼ˆAI8051U å¼€æºåº“ï¼‰æ˜¯ä¸€ä¸ªåŸºäºå®˜æ–¹ SDK æ¥å£çš„ç¬¬ä¸‰æ–¹å¼€æº
             -åº“
    3          * Copyright (c) 2022 SEEKFREE é€é£ç§‘æŠ€
    4          *
    5          * æœ¬æ–‡ä»¶æ˜¯STC å¼€æºåº“çš„ä¸€éƒ¨åˆ†
    6          *
    7          * AI8051U å¼€æºåº“ æ˜¯å…è´¹è½¯ä»¶
    8          * æ‚¨å¯ä»¥æ ¹æ®è‡ªç”±è½¯ä»¶åŸºé‡‘ä¼šå‘å¸ƒçš„ GPLï¼ˆGNU General Public Licenseï¼Œå³ GNUé€šç”¨å…¬å…±è®¸
             -å¯è¯ï¼‰çš„æ¡æ¬¾
    9          * å³ GPL çš„ç¬¬3ç‰ˆï¼ˆå³ GPL3.0ï¼‰æˆ–ï¼ˆæ‚¨é€‰æ‹©çš„ï¼‰ä»»ä½•åæ¥çš„ç‰ˆæœ¬ï¼Œé‡æ–°å‘å¸ƒå’Œ/æˆ–ä¿®æ”
             -¹å®ƒ
   10          *
   11          * æœ¬å¼€æºåº“çš„å‘å¸ƒæ˜¯å¸Œæœ›å®ƒèƒ½å‘æŒ¥ä½œç”¨ï¼Œä½†å¹¶æœªå¯¹å…¶ä½œä»»ä½•çš„ä¿è¯
   12          * ç”šè‡³æ²¡æœ‰éšå«çš„é€‚é”€æ€§æˆ–é€‚åˆç‰¹å®šç”¨é€”çš„ä¿è¯
   13          * æ›´å¤šç»†èŠ‚è¯·å‚è§ GPL
   14          *
   15          * æ‚¨åº”è¯¥åœ¨æ”¶åˆ°æœ¬å¼€æºåº“çš„åŒæ—¶æ”¶åˆ°ä¸€ä»½ GPL çš„å‰¯æœ¬
   16          * å¦‚æœæ²¡æœ‰ï¼Œè¯·å‚é˜…<https://www.gnu.org/licenses/>
   17          *
   18          * é¢å¤–æ³¨æ˜ï¼š
   19          * æœ¬å¼€æºåº“ä½¿ç”¨ GPL3.0 å¼€æºè®¸å¯è¯åè®® ä»¥ä¸Šè®¸å¯ç”³æ˜ä¸ºè¯‘æ–‡ç‰ˆæœ¬
   20          * è®¸å¯ç”³æ˜è‹±æ–‡ç‰ˆåœ¨ libraries/doc æ–‡ä»¶å¤¹ä¸‹çš„ GPL3_permission_statement.txt æ–‡ä»¶ä¸­
   21          * è®¸å¯è¯å‰¯æœ¬åœ¨ libraries æ–‡ä»¶å¤¹ä¸‹ å³è¯¥æ–‡ä»¶å¤¹ä¸‹çš„ LICENSE æ–‡ä»¶
   22          * æ¬¢è¿å„ä½ä½¿ç”¨å¹¶ä¼ æ’­æœ¬ç¨‹åº ä½†ä¿®æ”¹å†…å®¹æ—¶å¿…é¡»ä¿ç•™é€é£ç§‘æŠ€çš„ç‰ˆæƒå£°æ˜ï¼ˆå³æœ¬
             -å£°æ˜ï¼‰
   23          *
   24          * æ–‡ä»¶åç§°          
   25          * å…¬å¸åç§°          æˆéƒ½é€é£ç§‘æŠ€æœ‰é™å…¬å¸
   26          * ç‰ˆæœ¬ä¿¡æ¯          æŸ¥çœ‹ libraries/doc æ–‡ä»¶å¤¹å†… version æ–‡ä»¶ ç‰ˆæœ¬è¯´æ˜
   27          * å¼€å‘ç¯å¢ƒ          MDK FOR C251
   28          * é€‚ç”¨å¹³å°          AI8051U
   29          * åº—é“ºé“¾æ¥          https://seekfree.taobao.com/
   30          *
   31          * ä¿®æ”¹è®°å½•
   32          * æ—¥æœŸ              ä½œè€…           å¤‡æ³¨
   33          * 2024-08-01        å¤§W            first version
   34          *********************************************************************************************************
             -***********/
   35          
   36          #include "zf_common_headfile.h"
   37          
   38          void main()
   39          {
   40   1          clock_init(SYSTEM_CLOCK_40M);       // åŠ¡å¿…ä¿ç•™
   41   1          debug_init();               // åŠ¡å¿…ä¿ç•™
   42   1      
   43   1          to_init();
   44   1      
   45   1          // æ­¤å¤„ç¼–å†™ç”¨æˆ·ä»£ç  ä¾‹å¦‚å¤–è®¾åˆå§‹åŒ–ä»£ç ç­‰
   46   1          // é™€èºä»ªæ ¡å‡†ï¼ˆæ”¶é›†200ä¸ªæ ·æœ¬ï¼‰
   47   1      
   48   1      
   49   1          while(1)
   50   1          {
   51   2          // æ­¤å¤„ç¼–å†™éœ€è¦å¾ªç¯æ‰§è¡Œçš„ä»£ç 
C251 COMPILER V5.60.0,  main                                                               12/06/25  20:23:02  PAGE 2   

   52   2          task_start(0);
   53   3          menu_run();                         // è¿è¡Œèœå•ç³»ç»Ÿ
   54   3          task_end(1);
   55   2          // æ˜¾ç¤ºå®æ—¶VCCå€¼
   56   2          task_start(1);
   57   3          task_delay(10);
   58   3          display_vcc();
   59   3          encoder_integrate();
   60   3          //æ£€æµ‹éœå°”
   61   3          // task_if(!gpio_get_level(HALL_PIN))
   62   3          // {
   63   3          //     buzzer_time(100);
   64   3          // }
   65   3      
   66   3          task_end(1);
   67   2          //å¼€å¯é€é£ä¼ è¾“
   68   2          task_start(2);
   69   3          task_delay(5);
   70   3          seekfree_assistant_oscilloscope_code();
   71   3          task_end(1);
   72   2      
   73   2          task_start(3);//æŒ‰é”®åˆ¤æ–­
   74   3          button_entry();
   75   3          task_delay(1);
   76   3          task_end(1);
   77   2          //è¯»å–ç”µæ„Ÿå€¼
   78   2          task_start(4);
   79   3          adc_main_read();
   80   3          // inductance_normalization_max();
   81   3          inductance_difference_ratio_sum();
   82   3          task_delay(5);
   83   3          task_end(1);
   84   2          }
   85   1      }
   86          
   87          


Module Information          Static   Overlayable
------------------------------------------------
  code size            =       988     ------
  ecode size           =    ------     ------
  data size            =    ------     ------
  idata size           =    ------     ------
  pdata size           =    ------     ------
  xdata size           =    ------     ------
  xdata-const size     =    ------     ------
  edata size           =    ------     ------
  bit size             =    ------     ------
  ebit size            =    ------     ------
  bitaddressable size  =    ------     ------
  ebitaddressable size =    ------     ------
  far data size        =    ------     ------
  huge data size       =    ------     ------
  const size           =    ------     ------
  hconst size          =    ------     ------
End of Module Information.


C251 COMPILATION COMPLETE.  0 WARNING(S),  0 ERROR(S)
