C251 COMPILER V5.60.0,  zf_device_type                                                     12/06/25  20:22:59  PAGE 1   


C251 COMPILER V5.60.0, COMPILATION OF MODULE zf_device_type
OBJECT MODULE PLACED IN .\out_file\zf_device_type.obj
COMPILER INVOKED BY: C:\Keil_v5\C251\BIN\C251.EXE ..\..\libraries\zf_device\zf_device_type.c LARGE NOALIAS WARNINGLEVEL(
                    -3) OPTIMIZE(1,SIZE) BROWSE INCDIR(..\..\libraries\zf_common;..\..\libraries\zf_components;..\..\libraries\zf_device;..\.
                    -.\libraries\zf_driver;..\user;..\code) DEBUG PRINT(.\out_file\zf_device_type.lst) TABS(2) OBJECT(.\out_file\zf_device_ty
                    -pe.obj) 

stmt  level    source

    1          /********************************************************************************************************
             -*************
    2          * AI8051U Opensourec Library å³ï¼ˆAI8051U å¼€æºåº“ï¼‰æ˜¯ä¸€ä¸ªåŸºäºå®˜æ–¹ SDK æ¥å£çš„ç¬¬ä¸‰æ–¹å¼€æº
             -åº“
    3          * Copyright (c) 2022 SEEKFREE é€é£ç§‘æŠ€
    4          *
    5          * æœ¬æ–‡ä»¶æ˜¯STC å¼€æºåº“çš„ä¸€éƒ¨åˆ†
    6          *
    7          * AI8051U å¼€æºåº“ æ˜¯å…è´¹è½¯ä»¶
    8          * æ‚¨å¯ä»¥æ ¹æ®è‡ªç”±è½¯ä»¶åŸºé‡‘ä¼šå‘å¸ƒçš„ GPLï¼ˆGNU General Public Licenseï¼Œå³ GNUé€šç”¨å…¬å…±è®¸
             -å¯è¯ï¼‰çš„æ¡æ¬¾
    9          * å³ GPL çš„ç¬¬3ç‰ˆï¼ˆå³ GPL3.0ï¼‰æˆ–ï¼ˆæ‚¨é€‰æ‹©çš„ï¼‰ä»»ä½•åæ¥çš„ç‰ˆæœ¬ï¼Œé‡æ–°å‘å¸ƒå’Œ/æˆ–ä¿®æ”
             -¹å®ƒ
   10          *
   11          * æœ¬å¼€æºåº“çš„å‘å¸ƒæ˜¯å¸Œæœ›å®ƒèƒ½å‘æŒ¥ä½œç”¨ï¼Œä½†å¹¶æœªå¯¹å…¶ä½œä»»ä½•çš„ä¿è¯
   12          * ç”šè‡³æ²¡æœ‰éšå«çš„é€‚é”€æ€§æˆ–é€‚åˆç‰¹å®šç”¨é€”çš„ä¿è¯
   13          * æ›´å¤šç»†èŠ‚è¯·å‚è§ GPL
   14          *
   15          * æ‚¨åº”è¯¥åœ¨æ”¶åˆ°æœ¬å¼€æºåº“çš„åŒæ—¶æ”¶åˆ°ä¸€ä»½ GPL çš„å‰¯æœ¬
   16          * å¦‚æœæ²¡æœ‰ï¼Œè¯·å‚é˜…<https://www.gnu.org/licenses/>
   17          *
   18          * é¢å¤–æ³¨æ˜ï¼š
   19          * æœ¬å¼€æºåº“ä½¿ç”¨ GPL3.0 å¼€æºè®¸å¯è¯åè®® ä»¥ä¸Šè®¸å¯ç”³æ˜ä¸ºè¯‘æ–‡ç‰ˆæœ¬
   20          * è®¸å¯ç”³æ˜è‹±æ–‡ç‰ˆåœ¨ libraries/doc æ–‡ä»¶å¤¹ä¸‹çš„ GPL3_permission_statement.txt æ–‡ä»¶ä¸­
   21          * è®¸å¯è¯å‰¯æœ¬åœ¨ libraries æ–‡ä»¶å¤¹ä¸‹ å³è¯¥æ–‡ä»¶å¤¹ä¸‹çš„ LICENSE æ–‡ä»¶
   22          * æ¬¢è¿å„ä½ä½¿ç”¨å¹¶ä¼ æ’­æœ¬ç¨‹åº ä½†ä¿®æ”¹å†…å®¹æ—¶å¿…é¡»ä¿ç•™é€é£ç§‘æŠ€çš„ç‰ˆæƒå£°æ˜ï¼ˆå³æœ¬
             -å£°æ˜ï¼‰
   23          *
   24          * æ–‡ä»¶åç§°          
   25          * å…¬å¸åç§°          æˆéƒ½é€é£ç§‘æŠ€æœ‰é™å…¬å¸
   26          * ç‰ˆæœ¬ä¿¡æ¯          æŸ¥çœ‹ libraries/doc æ–‡ä»¶å¤¹å†… version æ–‡ä»¶ ç‰ˆæœ¬è¯´æ˜
   27          * å¼€å‘ç¯å¢ƒ          MDK FOR C251
   28          * é€‚ç”¨å¹³å°          AI8051U
   29          * åº—é“ºé“¾æ¥          https://seekfree.taobao.com/
   30          *
   31          * ä¿®æ”¹è®°å½•
   32          * æ—¥æœŸ              ä½œè€…           å¤‡æ³¨
   33          * 2024-08-01        å¤§W            first version
   34          *********************************************************************************************************
             -***********/
   35          
   36          #include "zf_device_type.h"
   37          
   38          wireless_type_enum  wireless_type = NO_WIRELESS;
   39          //-------------------------------------------------------------------------------------------------------
             -------------
   40          // å‡½æ•°ç®€ä»‹     è®¾ç½®æ— çº¿æ¨¡å—ç±»å‹
   41          // å‚æ•°è¯´æ˜     type_set        é€‰å®šçš„æ— çº¿æ¨¡å—ç±»å‹
   42          // å‚æ•°è¯´æ˜     uart_callback   è®¾å¤‡çš„ä¸²å£å›è°ƒå‡½æ•°
   43          // è¿”å›å‚æ•°     void
   44          // ä½¿ç”¨ç¤ºä¾‹     set_wireless_type(WIRELESS_UART, uart_callback);
   45          // å¤‡æ³¨ä¿¡æ¯     ä¸€èˆ¬ç”±å„æ‘„åƒå¤´åˆå§‹åŒ–å†…éƒ¨è°ƒç”¨
   46          //-------------------------------------------------------------------------------------------------------
             -------------
   47          void set_wireless_type (wireless_type_enum type_set, uart_index_enum uartx, void *uart_callback)
   48          {
C251 COMPILER V5.60.0,  zf_device_type                                                     12/06/25  20:22:59  PAGE 2   

   49   1          wireless_type = type_set;
   50   1          
   51   1          if(uartx == UART_1)
   52   1          {
   53   2              uart1_irq_handler = uart_callback;
   54   2          }
   55   1          else if(uartx == UART_2)
   56   1          {
   57   2              uart2_irq_handler = uart_callback;
   58   2          }
   59   1          else if(uartx == UART_3)
   60   1          {
   61   2              uart3_irq_handler = uart_callback;
   62   2          }
   63   1          else if(uartx == UART_4)
   64   1          {
   65   2              uart4_irq_handler = uart_callback;
   66   2          }
   67   1      }
   68          


Module Information          Static   Overlayable
------------------------------------------------
  code size            =       151     ------
  ecode size           =    ------     ------
  data size            =    ------     ------
  idata size           =    ------     ------
  pdata size           =    ------     ------
  xdata size           =        10     ------
  xdata-const size     =    ------     ------
  edata size           =    ------     ------
  bit size             =    ------     ------
  ebit size            =    ------     ------
  bitaddressable size  =    ------     ------
  ebitaddressable size =    ------     ------
  far data size        =    ------     ------
  huge data size       =    ------     ------
  const size           =    ------     ------
  hconst size          =         7     ------
End of Module Information.


C251 COMPILATION COMPLETE.  0 WARNING(S),  0 ERROR(S)
