C251 COMPILER V5.60.0,  zf_device_imu660ra                                                 12/06/25  20:23:00  PAGE 1   


C251 COMPILER V5.60.0, COMPILATION OF MODULE zf_device_imu660ra
OBJECT MODULE PLACED IN .\out_file\zf_device_imu660ra.obj
COMPILER INVOKED BY: C:\Keil_v5\C251\BIN\C251.EXE ..\..\libraries\zf_device\zf_device_imu660ra.c LARGE NOALIAS WARNINGLE
                    -VEL(3) OPTIMIZE(1,SIZE) BROWSE INCDIR(..\..\libraries\zf_common;..\..\libraries\zf_components;..\..\libraries\zf_device;
                    -..\..\libraries\zf_driver;..\user;..\code) DEBUG PRINT(.\out_file\zf_device_imu660ra.lst) TABS(2) OBJECT(.\out_file\zf_d
                    -evice_imu660ra.obj) 

stmt  level    source

    1          /********************************************************************************************************
             -*************
    2          * AI8051U Opensourec Library å³ï¼ˆAI8051U å¼€æºåº“ï¼‰æ˜¯ä¸€ä¸ªåŸºäºå®˜æ–¹ SDK æ¥å£çš„ç¬¬ä¸‰æ–¹å¼€æº
             -åº“
    3          * Copyright (c) 2022 SEEKFREE é€é£ç§‘æŠ€
    4          *
    5          * æœ¬æ–‡ä»¶æ˜¯STC å¼€æºåº“çš„ä¸€éƒ¨åˆ†
    6          *
    7          * AI8051U å¼€æºåº“ æ˜¯å…è´¹è½¯ä»¶
    8          * æ‚¨å¯ä»¥æ ¹æ®è‡ªç”±è½¯ä»¶åŸºé‡‘ä¼šå‘å¸ƒçš„ GPLï¼ˆGNU General Public Licenseï¼Œå³ GNUé€šç”¨å…¬å…±è®¸
             -å¯è¯ï¼‰çš„æ¡æ¬¾
    9          * å³ GPL çš„ç¬¬3ç‰ˆï¼ˆå³ GPL3.0ï¼‰æˆ–ï¼ˆæ‚¨é€‰æ‹©çš„ï¼‰ä»»ä½•åæ¥çš„ç‰ˆæœ¬ï¼Œé‡æ–°å‘å¸ƒå’Œ/æˆ–ä¿®æ”
             -¹å®ƒ
   10          *
   11          * æœ¬å¼€æºåº“çš„å‘å¸ƒæ˜¯å¸Œæœ›å®ƒèƒ½å‘æŒ¥ä½œç”¨ï¼Œä½†å¹¶æœªå¯¹å…¶ä½œä»»ä½•çš„ä¿è¯
   12          * ç”šè‡³æ²¡æœ‰éšå«çš„é€‚é”€æ€§æˆ–é€‚åˆç‰¹å®šç”¨é€”çš„ä¿è¯
   13          * æ›´å¤šç»†èŠ‚è¯·å‚è§ GPL
   14          *
   15          * æ‚¨åº”è¯¥åœ¨æ”¶åˆ°æœ¬å¼€æºåº“çš„åŒæ—¶æ”¶åˆ°ä¸€ä»½ GPL çš„å‰¯æœ¬
   16          * å¦‚æœæ²¡æœ‰ï¼Œè¯·å‚é˜…<https://www.gnu.org/licenses/>
   17          *
   18          * é¢å¤–æ³¨æ˜ï¼š
   19          * æœ¬å¼€æºåº“ä½¿ç”¨ GPL3.0 å¼€æºè®¸å¯è¯åè®® ä»¥ä¸Šè®¸å¯ç”³æ˜ä¸ºè¯‘æ–‡ç‰ˆæœ¬
   20          * è®¸å¯ç”³æ˜è‹±æ–‡ç‰ˆåœ¨ libraries/doc æ–‡ä»¶å¤¹ä¸‹çš„ GPL3_permission_statement.txt æ–‡ä»¶ä¸­
   21          * è®¸å¯è¯å‰¯æœ¬åœ¨ libraries æ–‡ä»¶å¤¹ä¸‹ å³è¯¥æ–‡ä»¶å¤¹ä¸‹çš„ LICENSE æ–‡ä»¶
   22          * æ¬¢è¿å„ä½ä½¿ç”¨å¹¶ä¼ æ’­æœ¬ç¨‹åº ä½†ä¿®æ”¹å†…å®¹æ—¶å¿…é¡»ä¿ç•™é€é£ç§‘æŠ€çš„ç‰ˆæƒå£°æ˜ï¼ˆå³æœ¬
             -å£°æ˜ï¼‰
   23          *
   24          * æ–‡ä»¶åç§°          
   25          * å…¬å¸åç§°          æˆéƒ½é€é£ç§‘æŠ€æœ‰é™å…¬å¸
   26          * ç‰ˆæœ¬ä¿¡æ¯          æŸ¥çœ‹ libraries/doc æ–‡ä»¶å¤¹å†… version æ–‡ä»¶ ç‰ˆæœ¬è¯´æ˜
   27          * å¼€å‘ç¯å¢ƒ          MDK FOR C251
   28          * é€‚ç”¨å¹³å°          AI8051U
   29          * åº—é“ºé“¾æ¥          https://seekfree.taobao.com/
   30          *
   31          * ä¿®æ”¹è®°å½•
   32          * æ—¥æœŸ              ä½œè€…           å¤‡æ³¨
   33          * 2024-08-01        å¤§W            first version
   34          *********************************************************************************************************
             -***********/
   35          /********************************************************************************************************
             -*************
   36          * æ¥çº¿å®šä¹‰ï¼š
   37          *                   ------------------------------------
   38          *                   æ¨¡å—ç®¡è„š            å•ç‰‡æœºç®¡è„š
   39          *                   // ç¡¬ä»¶ SPI å¼•è„š
   40          *                   SCL/SPC           æŸ¥çœ‹ zf_device_imu660ra.h ä¸­ IMU660RA_SPC_PIN å®å®šä¹‰
   41          *                   SDA/DSI           æŸ¥çœ‹ zf_device_imu660ra.h ä¸­ IMU660RA_SDI_PIN å®å®šä¹‰
   42          *                   SA0/SDO           æŸ¥çœ‹ zf_device_imu660ra.h ä¸­ IMU660RA_SDO_PIN å®å®šä¹‰
   43          *                   CS                æŸ¥çœ‹ zf_device_imu660ra.h ä¸­ IMU660RA_CS_PIN å®å®šä¹‰
   44          *                   VCC               3.3Vç”µæº
   45          *                   GND               ç”µæºåœ°
   46          *                   å…¶ä½™å¼•è„šæ‚¬ç©º
   47          *
   48          *                   // è½¯ä»¶ IIC å¼•è„š
   49          *                   SCL/SPC           æŸ¥çœ‹ zf_device_imu660ra.h ä¸­ IMU660RA_SCL_PIN å®å®šä¹‰
C251 COMPILER V5.60.0,  zf_device_imu660ra                                                 12/06/25  20:23:00  PAGE 2   

   50          *                   SDA/DSI           æŸ¥çœ‹ zf_device_imu660ra.h ä¸­ IMU660RA_SDA_PIN å®å®šä¹‰
   51          *                   VCC               3.3Vç”µæº
   52          *                   GND               ç”µæºåœ°
   53          *                   å…¶ä½™å¼•è„šæ‚¬ç©º
   54          *                   ------------------------------------
   55          *********************************************************************************************************
             -***********/
   56          
   57          #include "zf_common_debug.h"
   58          #include "zf_driver_delay.h"
   59          #include "zf_driver_spi.h"
   60          #include "zf_driver_gpio.h"
   61          #include "zf_driver_soft_iic.h"
   62          #include "zf_device_config.h"
   63          
   64          #include "zf_device_imu660ra.h"
   65          
   66          #pragma warning disable = 183
   67          #pragma warning disable = 177
   68          
   69          int16 imu660ra_gyro_x = 0, imu660ra_gyro_y = 0, imu660ra_gyro_z = 0;            // ä¸‰è½´é™€èºä»ªæ•°æ® 
             -  gyro (é™€èºä»ª)
   70          int16 imu660ra_acc_x = 0, imu660ra_acc_y = 0, imu660ra_acc_z = 0;               // ä¸‰è½´åŠ é€Ÿåº¦è®¡æ•°æ
             -® acc  (accelerometer åŠ é€Ÿåº¦è®¡)
   71          float imu660ra_transition_factor[2] = {4096, 16.4};
   72          
   73          #if IMU660RA_USE_SOFT_IIC
               static soft_iic_info_struct imu660ra_iic_struct;
               
               #define imu660ra_write_register(reg, dat)        (soft_iic_write_8bit_register(&imu660ra_iic_struct, (reg
             -), (dat)))
               #define imu660ra_write_registers(reg, dat, len)  (soft_iic_write_8bit_registers(&imu660ra_iic_struct, (re
             -g), (dat), (len)))
               #define imu660ra_read_register(reg)               (soft_iic_read_8bit_register(&imu660ra_iic_struct, (reg
             -)))
               #define imu660ra_read_registers(reg, dat, len)   (soft_iic_read_8bit_registers(&imu660ra_iic_struct, (reg
             -), (dat), (len)))
               #else
   81          //-------------------------------------------------------------------------------------------------------
             -------------
   82          // å‡½æ•°ç®€ä»‹     IMU660RA å†™å¯„å­˜å™¨
   83          // å‚æ•°è¯´æ˜     reg             å¯„å­˜å™¨åœ°å€
   84          // å‚æ•°è¯´æ˜     dat            æ•°æ®
   85          // è¿”å›å‚æ•°     void
   86          // ä½¿ç”¨ç¤ºä¾‹     imu660ra_write_register(IMU660RA_PWR_CONF, 0x00);                   // å…³é—­é«˜çº§çœ
             -ç”µæ¨¡å¼
   87          // å¤‡æ³¨ä¿¡æ¯     å†…éƒ¨è°ƒç”¨
   88          //-------------------------------------------------------------------------------------------------------
             -------------
   89          static void imu660ra_write_register(uint8 reg, uint8 dat)
   90          {
   91   1          IMU660RA_CS(0);
   92   1          spi_write_8bit_register(IMU660RA_SPI, reg | IMU660RA_SPI_W, dat);
   93   1          IMU660RA_CS(1);
   94   1      }
   95          
   96          //-------------------------------------------------------------------------------------------------------
             -------------
   97          // å‡½æ•°ç®€ä»‹     IMU660RA å†™æ•°æ®
   98          // å‚æ•°è¯´æ˜     reg             å¯„å­˜å™¨åœ°å€
   99          // å‚æ•°è¯´æ˜     dat            æ•°æ®
  100          // è¿”å›å‚æ•°     void
  101          // ä½¿ç”¨ç¤ºä¾‹     imu660ra_write_registers(IMU660RA_INIT_DATA, imu660ra_config_file, sizeof(imu660ra_co
             -nfig_file));
  102          // å¤‡æ³¨ä¿¡æ¯     å†…éƒ¨è°ƒç”¨
  103          //-------------------------------------------------------------------------------------------------------
C251 COMPILER V5.60.0,  zf_device_imu660ra                                                 12/06/25  20:23:00  PAGE 3   

             -------------
  104          static void imu660ra_write_registers(uint8 reg, const uint8 *dat, uint32 len)
  105          {
  106   1          IMU660RA_CS(0);
  107   1          spi_write_8bit_registers(IMU660RA_SPI, reg | IMU660RA_SPI_W, dat, len);
  108   1          IMU660RA_CS(1);
  109   1      }
  110          
  111          //-------------------------------------------------------------------------------------------------------
             -------------
  112          // å‡½æ•°ç®€ä»‹     IMU660RA è¯»å¯„å­˜å™¨
  113          // å‚æ•°è¯´æ˜     reg             å¯„å­˜å™¨åœ°å€
  114          // è¿”å›å‚æ•°     uint8           æ•°æ®
  115          // ä½¿ç”¨ç¤ºä¾‹     imu660ra_read_register(IMU660RA_CHIP_ID);
  116          // å¤‡æ³¨ä¿¡æ¯     å†…éƒ¨è°ƒç”¨
  117          //-------------------------------------------------------------------------------------------------------
             -------------
  118          static uint8 imu660ra_read_register(uint8 reg)
  119          {
  120   1          uint8 dat[2];
  121   1          IMU660RA_CS(0);
  122   1          spi_read_8bit_registers(IMU660RA_SPI, reg | IMU660RA_SPI_R, dat, 2);
  123   1          IMU660RA_CS(1);
  124   1          return dat[1];
  125   1      }
  126          
  127          //-------------------------------------------------------------------------------------------------------
             -------------
  128          // å‡½æ•°ç®€ä»‹     IMU660RA è¯»æ•°æ®
  129          // å‚æ•°è¯´æ˜     reg             å¯„å­˜å™¨åœ°å€
  130          // å‚æ•°è¯´æ˜     dat            æ•°æ®ç¼“å†²åŒº
  131          // å‚æ•°è¯´æ˜     len             æ•°æ®é•¿åº¦
  132          // è¿”å›å‚æ•°     void
  133          // ä½¿ç”¨ç¤ºä¾‹     imu660ra_read_registers(IMU660RA_ACC_ADDRESS, dat, 6);
  134          // å¤‡æ³¨ä¿¡æ¯     å†…éƒ¨è°ƒç”¨
  135          //-------------------------------------------------------------------------------------------------------
             -------------
  136          static void imu660ra_read_registers(uint8 reg, uint8 *dat, uint32 len)
  137          {
  138   1          uint16 i = 0;
  139   1          uint8 temp_data[8];
  140   1          IMU660RA_CS(0);
  141   1          spi_read_8bit_registers(IMU660RA_SPI, reg | IMU660RA_SPI_R, temp_data, len + 1);
  142   1          IMU660RA_CS(1);
  143   1          
  144   1          for(i = 0; i < len; i ++)
  145   1          {
  146   2              *(dat ++) = temp_data[i + 1];
  147   2          }
  148   1      }
  149          #endif
  150          
  151          //-------------------------------------------------------------------------------------------------------
             -------------
  152          // å‡½æ•°ç®€ä»‹     IMU660RA è‡ªæ£€
  153          // å‚æ•°è¯´æ˜     void
  154          // è¿”å›å‚æ•°     uint8           1-è‡ªæ£€å¤±è´¥ 0-è‡ªæ£€æˆåŠŸ
  155          // ä½¿ç”¨ç¤ºä¾‹     imu660ra_self_check();
  156          // å¤‡æ³¨ä¿¡æ¯     å†…éƒ¨è°ƒç”¨
  157          //-------------------------------------------------------------------------------------------------------
             -------------
  158          static uint8 imu660ra_self_check (void)
  159          {
  160   1          uint8 dat = 0, return_state = 0;
  161   1          uint16 timeout_count = 0;
  162   1          
C251 COMPILER V5.60.0,  zf_device_imu660ra                                                 12/06/25  20:23:00  PAGE 4   

  163   1          do
  164   1          {
  165   2              if(timeout_count ++ > IMU660RA_TIMEOUT_COUNT)
  166   2              {
  167   3                  return_state =  1;
  168   3                  break;
  169   3              }
  170   2              
  171   2              dat = imu660ra_read_register(IMU660RA_CHIP_ID);
  172   2              printf("imu660ra_read_register = 0x%X\r\n", dat);
  173   2              system_delay_ms(1);
  174   2          }
  175   1          while(0x24 != dat);                                                     // è¯»å–è®¾å¤‡IDæ˜¯å¦ç­‰äº
             -0X24ï¼Œå¦‚æœä¸æ˜¯0X24åˆ™è®¤ä¸ºæ²¡æ£€æµ‹åˆ°è®¾å¤‡
  176   1          
  177   1          return return_state;
  178   1      }
  179          
  180          //-------------------------------------------------------------------------------------------------------
             -------------
  181          // å‡½æ•°ç®€ä»‹     è·å– IMU660RA åŠ é€Ÿåº¦è®¡æ•°æ®
  182          // å‚æ•°è¯´æ˜     void
  183          // è¿”å›å‚æ•°     void
  184          // ä½¿ç”¨ç¤ºä¾‹     imu660ra_get_acc();                                             // æ‰§è¡Œè¯¥å‡½æ•°å
             -ï¼Œç›´æ¥æŸ¥çœ‹å¯¹åº”çš„å˜é‡å³å¯
  185          // å¤‡æ³¨ä¿¡æ¯     ä½¿ç”¨ SPI çš„é‡‡é›†æ—¶é—´ä¸º69us
  186          //            ä½¿ç”¨ IIC çš„é‡‡é›†æ—¶é—´ä¸º126us        é‡‡é›†åŠ é€Ÿåº¦è®¡çš„æ—¶é—´ä¸é‡‡é›†é™€èºä»ªçš„æ
             -—¶é—´ä¸€è‡´çš„åŸå› æ˜¯éƒ½åªæ˜¯è¯»å–å¯„å­˜å™¨æ•°æ®
  187          //-------------------------------------------------------------------------------------------------------
             -------------
  188          void imu660ra_get_acc (void)
  189          {
  190   1          uint8 dat[6];
  191   1          
  192   1          imu660ra_read_registers(IMU660RA_ACC_ADDRESS, dat, 6);
  193   1          imu660ra_acc_x = (int16)(((uint16)dat[1] << 8 | dat[0]));
  194   1          imu660ra_acc_y = (int16)(((uint16)dat[3] << 8 | dat[2]));
  195   1          imu660ra_acc_z = (int16)(((uint16)dat[5] << 8 | dat[4]));
  196   1      }
  197          //-------------------------------------------------------------------------------------------------------
             -------------
  198          // å‡½æ•°ç®€ä»‹     è·å– IMU660RA é™€èºä»ªæ•°æ®
  199          // å‚æ•°è¯´æ˜     void
  200          // è¿”å›å‚æ•°     void
  201          // ä½¿ç”¨ç¤ºä¾‹     imu660ra_get_gyro();                                            // æ‰§è¡Œè¯¥å‡½æ•°å
             -ï¼Œç›´æ¥æŸ¥çœ‹å¯¹åº”çš„å˜é‡å³å¯
  202          // å¤‡æ³¨ä¿¡æ¯     ä½¿ç”¨ SPI çš„é‡‡é›†æ—¶é—´ä¸º69us
  203          //            ä½¿ç”¨ IIC çš„é‡‡é›†æ—¶é—´ä¸º126us
  204          //-------------------------------------------------------------------------------------------------------
             -------------
  205          void imu660ra_get_gyro (void)
  206          {
  207   1          uint8 dat[6];
  208   1          
  209   1          imu660ra_read_registers(IMU660RA_GYRO_ADDRESS, dat, 6);
  210   1          imu660ra_gyro_x = (int16)(((uint16)dat[1] << 8 | dat[0]));
  211   1          imu660ra_gyro_y = (int16)(((uint16)dat[3] << 8 | dat[2]));
  212   1          imu660ra_gyro_z = (int16)(((uint16)dat[5] << 8 | dat[4]));
  213   1      }
  214          
  215          //-------------------------------------------------------------------------------------------------------
             -------------
  216          // å‡½æ•°ç®€ä»‹     åˆå§‹åŒ– IMU660RA
  217          // å‚æ•°è¯´æ˜     void
  218          // è¿”å›å‚æ•°     uint8           1-åˆå§‹åŒ–å¤±è´¥ 0-åˆå§‹åŒ–æˆåŠŸ
  219          // ä½¿ç”¨ç¤ºä¾‹     imu660ra_init();
C251 COMPILER V5.60.0,  zf_device_imu660ra                                                 12/06/25  20:23:00  PAGE 5   

  220          // å¤‡æ³¨ä¿¡æ¯
  221          //-------------------------------------------------------------------------------------------------------
             -------------
  222          uint8 imu660ra_init (void)
  223          {
  224   1          uint8 return_state = 0;
  225   1          system_delay_ms(20);                                                        // ç­‰å¾…è®¾å¤‡ä¸Šç”µæˆå
             -ŠŸ
  226   1          
  227   1      #if IMU660RA_USE_SOFT_IIC
                   soft_iic_init(&imu660ra_iic_struct, IMU660RA_DEV_ADDR, IMU660RA_SOFT_IIC_DELAY, IMU660RA_SCL_PIN, IMU
             -660RA_SDA_PIN);        // é…ç½® IMU660RA çš„ IIC ç«¯å£
               #else
  230   1          spi_init(IMU660RA_SPI, SPI_MODE0, IMU660RA_SPI_SPEED, IMU660RA_SPC_PIN, IMU660RA_SDI_PIN, IMU660RA_SD
             -O_PIN, SPI_CS_NULL);   // é…ç½® IMU660RA çš„ SPI ç«¯å£
  231   1          gpio_init(IMU660RA_CS_PIN, GPO, GPIO_HIGH, GPO_PUSH_PULL);            // é…ç½® IMU660RA çš„CSç«¯å£
  232   1          //  imu660ra_read_register(IMU660RA_CHIP_ID);                                   // è¯»å–ä¸€ä¸‹è®¾å¤‡I
             -D å°†è®¾å¤‡è®¾ç½®ä¸ºSPIæ¨¡å¼
  233   1      #endif
  234   1          
  235   1          do
  236   1          {
  237   2              if(imu660ra_self_check())                                               // IMU660RA è‡ªæ£€
  238   2              {
  239   3                  // å¦‚æœç¨‹åºåœ¨è¾“å‡ºäº†æ–­è¨€ä¿¡æ¯ å¹¶ä¸”æç¤ºå‡ºé”™ä½ç½®åœ¨è¿™é‡Œ
  240   3                  // é‚£ä¹ˆå°±æ˜¯ IMU660RA è‡ªæ£€å‡ºé”™å¹¶è¶…æ—¶é€€å‡ºäº†
  241   3                  // æ£€æŸ¥ä¸€ä¸‹æ¥çº¿æœ‰æ²¡æœ‰é—®é¢˜ å¦‚æœæ²¡é—®é¢˜å¯èƒ½å°±æ˜¯åäº†
  242   3                  printf( "imu660ra self check error.\r\n");
  243   3                  return_state = 1;
  244   3                  break;
  245   3              }
  246   2              
  247   2              imu660ra_write_register(IMU660RA_PWR_CONF, 0x00);                       // å…³é—­é«˜çº§çœç”µæ¨¡å
             -¼
  248   2              system_delay_ms(1);
  249   2              imu660ra_write_register(IMU660RA_INIT_CTRL, 0x00);                      // å¼€å§‹å¯¹æ¨¡å—è¿›è¡Œå
             -ˆå§‹åŒ–é…ç½®
  250   2              imu660ra_write_registers(IMU660RA_INIT_DATA, imu660ra_config_file, sizeof(imu660ra_config_file));
             -   // è¾“å‡ºé…ç½®æ–‡ä»¶
  251   2              imu660ra_write_register(IMU660RA_INIT_CTRL, 0x01);                      // åˆå§‹åŒ–é…ç½®ç»“æŸ
  252   2              system_delay_ms(20);
  253   2              
  254   2              if(1 != imu660ra_read_register(IMU660RA_INT_STA))                       // æ£€æŸ¥æ˜¯å¦é…ç½®å®Œæ
             -ˆ
  255   2              {
  256   3                  // å¦‚æœç¨‹åºåœ¨è¾“å‡ºäº†æ–­è¨€ä¿¡æ¯ å¹¶ä¸”æç¤ºå‡ºé”™ä½ç½®åœ¨è¿™é‡Œ
  257   3                  // é‚£ä¹ˆå°±æ˜¯ IMU660RA é…ç½®åˆå§‹åŒ–æ–‡ä»¶å‡ºé”™äº†
  258   3                  // æ£€æŸ¥ä¸€ä¸‹æ¥çº¿æœ‰æ²¡æœ‰é—®é¢˜ å¦‚æœæ²¡é—®é¢˜å¯èƒ½å°±æ˜¯åäº†
  259   3                  printf( "imu660ra init error.\r\n");
  260   3                  return_state = 1;
  261   3                  break;
  262   3              }
  263   2              
  264   2              imu660ra_write_register(IMU660RA_PWR_CTRL, 0x0E);                       // å¼€å¯æ€§èƒ½æ¨¡å¼  ä½
             -¿èƒ½é™€èºä»ªã€åŠ é€Ÿåº¦ã€æ¸©åº¦ä¼ æ„Ÿå™¨
  265   2              imu660ra_write_register(IMU660RA_ACC_CONF, 0xA7);                       // åŠ é€Ÿåº¦é‡‡é›†é…ç½® 
             -æ€§èƒ½æ¨¡å¼ æ­£å¸¸é‡‡é›† 50Hz  é‡‡æ ·é¢‘ç‡
  266   2              imu660ra_write_register(IMU660RA_GYR_CONF, 0xA9);                       // é™€èºä»ªé‡‡é›†é…ç½® 
             -æ€§èƒ½æ¨¡å¼ æ­£å¸¸é‡‡é›† 200Hz é‡‡æ ·é¢‘ç‡
  267   2              
  268   2              // IMU660RA_ACC_SAMPLE å¯„å­˜å™¨
  269   2              // è®¾ç½®ä¸º 0x00 åŠ é€Ÿåº¦è®¡é‡ç¨‹ä¸º Â±2  g   è·å–åˆ°çš„åŠ é€Ÿåº¦è®¡æ•°æ®é™¤ä»¥ 16384  å¯ä
             -»¥è½¬åŒ–ä¸ºå¸¦ç‰©ç†å•ä½çš„æ•°æ® å•ä½ g(m/s^2)
  270   2              // è®¾ç½®ä¸º 0x01 åŠ é€Ÿåº¦è®¡é‡ç¨‹ä¸º Â±4  g   è·å–åˆ°çš„åŠ é€Ÿåº¦è®¡æ•°æ®é™¤ä»¥ 8192   å¯ä
             -»¥è½¬åŒ–ä¸ºå¸¦ç‰©ç†å•ä½çš„æ•°æ® å•ä½ g(m/s^2)
  271   2              // è®¾ç½®ä¸º 0x02 åŠ é€Ÿåº¦è®¡é‡ç¨‹ä¸º Â±8  g   è·å–åˆ°çš„åŠ é€Ÿåº¦è®¡æ•°æ®é™¤ä»¥ 4096   å¯ä
C251 COMPILER V5.60.0,  zf_device_imu660ra                                                 12/06/25  20:23:00  PAGE 6   

             -»¥è½¬åŒ–ä¸ºå¸¦ç‰©ç†å•ä½çš„æ•°æ® å•ä½ g(m/s^2)
  272   2              // è®¾ç½®ä¸º 0x03 åŠ é€Ÿåº¦è®¡é‡ç¨‹ä¸º Â±16 g   è·å–åˆ°çš„åŠ é€Ÿåº¦è®¡æ•°æ®é™¤ä»¥ 2048   å¯ä
             -»¥è½¬åŒ–ä¸ºå¸¦ç‰©ç†å•ä½çš„æ•°æ® å•ä½ g(m/s^2)
  273   2              switch(IMU660RA_ACC_SAMPLE_DEFAULT)
  274   2              {
  275   3                  default:
  276   3                  {
  277   4                      printf( "IMU660RA_ACC_SAMPLE_DEFAULT set error.\r\n");
  278   4                      return_state = 1;
  279   4                  }
  280   3                  break;
  281   3                  
  282   3                  case IMU660RA_ACC_SAMPLE_SGN_2G:
  283   3                  {
  284   4                      imu660ra_write_register(IMU660RA_ACC_RANGE, 0x00);
  285   4                      imu660ra_transition_factor[0] = 16384;
  286   4                  }
  287   3                  break;
  288   3                  
  289   3                  case IMU660RA_ACC_SAMPLE_SGN_4G:
  290   3                  {
  291   4                      imu660ra_write_register(IMU660RA_ACC_RANGE, 0x01);
  292   4                      imu660ra_transition_factor[0] = 8192;
  293   4                  }
  294   3                  break;
  295   3                  
  296   3                  case IMU660RA_ACC_SAMPLE_SGN_8G:
  297   3                  {
  298   4                      imu660ra_write_register(IMU660RA_ACC_RANGE, 0x02);
  299   4                      imu660ra_transition_factor[0] = 4096;
  300   4                  }
  301   3                  break;
  302   3                  
  303   3                  case IMU660RA_ACC_SAMPLE_SGN_16G:
  304   3                  {
  305   4                      imu660ra_write_register(IMU660RA_ACC_RANGE, 0x03);
  306   4                      imu660ra_transition_factor[0] = 2048;
  307   4                  }
  308   3                  break;
  309   3              }
  310   2              
  311   2              if(1 == return_state)
  312   2              {
  313   3                  break;
  314   3              }
  315   2              
  316   2              // IMU660RA_GYR_RANGE å¯„å­˜å™¨
  317   2              // è®¾ç½®ä¸º 0x04 é™€èºä»ªé‡ç¨‹ä¸º Â±125  dps    è·å–åˆ°çš„é™€èºä»ªæ•°æ®é™¤ä»¥ 262.4   å¯ä
             -»¥è½¬åŒ–ä¸ºå¸¦ç‰©ç†å•ä½çš„æ•°æ® å•ä½ä¸º Â°/s
  318   2              // è®¾ç½®ä¸º 0x03 é™€èºä»ªé‡ç¨‹ä¸º Â±250  dps    è·å–åˆ°çš„é™€èºä»ªæ•°æ®é™¤ä»¥ 131.2   å¯ä
             -»¥è½¬åŒ–ä¸ºå¸¦ç‰©ç†å•ä½çš„æ•°æ® å•ä½ä¸º Â°/s
  319   2              // è®¾ç½®ä¸º 0x02 é™€èºä»ªé‡ç¨‹ä¸º Â±500  dps    è·å–åˆ°çš„é™€èºä»ªæ•°æ®é™¤ä»¥ 65.6    å¯ä
             -»¥è½¬åŒ–ä¸ºå¸¦ç‰©ç†å•ä½çš„æ•°æ® å•ä½ä¸º Â°/s
  320   2              // è®¾ç½®ä¸º 0x01 é™€èºä»ªé‡ç¨‹ä¸º Â±1000 dps    è·å–åˆ°çš„é™€èºä»ªæ•°æ®é™¤ä»¥ 32.8    å¯ä
             -»¥è½¬åŒ–ä¸ºå¸¦ç‰©ç†å•ä½çš„æ•°æ® å•ä½ä¸º Â°/s
  321   2              // è®¾ç½®ä¸º 0x00 é™€èºä»ªé‡ç¨‹ä¸º Â±2000 dps    è·å–åˆ°çš„é™€èºä»ªæ•°æ®é™¤ä»¥ 16.4    å¯ä
             -»¥è½¬åŒ–ä¸ºå¸¦ç‰©ç†å•ä½çš„æ•°æ® å•ä½ä¸º Â°/s
  322   2              switch(IMU660RA_GYRO_SAMPLE_DEFAULT)
  323   2              {
  324   3                  default:
  325   3                  {
  326   4                      printf( "IMU660RA_GYRO_SAMPLE_DEFAULT set error.\r\n");
  327   4                      return_state = 1;
  328   4                  }
  329   3                  break;
  330   3                  
C251 COMPILER V5.60.0,  zf_device_imu660ra                                                 12/06/25  20:23:00  PAGE 7   

  331   3                  case IMU660RA_GYRO_SAMPLE_SGN_125DPS:
  332   3                  {
  333   4                      imu660ra_write_register(IMU660RA_GYR_RANGE, 0x04);
  334   4                      imu660ra_transition_factor[1] = 262.4;
  335   4                  }
  336   3                  break;
  337   3                  
  338   3                  case IMU660RA_GYRO_SAMPLE_SGN_250DPS:
  339   3                  {
  340   4                      imu660ra_write_register(IMU660RA_GYR_RANGE, 0x03);
  341   4                      imu660ra_transition_factor[1] = 131.2;
  342   4                  }
  343   3                  break;
  344   3                  
  345   3                  case IMU660RA_GYRO_SAMPLE_SGN_500DPS:
  346   3                  {
  347   4                      imu660ra_write_register(IMU660RA_GYR_RANGE, 0x02);
  348   4                      imu660ra_transition_factor[1] = 65.6;
  349   4                  }
  350   3                  break;
  351   3                  
  352   3                  case IMU660RA_GYRO_SAMPLE_SGN_1000DPS:
  353   3                  {
  354   4                      imu660ra_write_register(IMU660RA_GYR_RANGE, 0x01);
  355   4                      imu660ra_transition_factor[1] = 32.8;
  356   4                  }
  357   3                  break;
  358   3                  
  359   3                  case IMU660RA_GYRO_SAMPLE_SGN_2000DPS:
  360   3                  {
  361   4                      imu660ra_write_register(IMU660RA_GYR_RANGE, 0x00);
  362   4                      imu660ra_transition_factor[1] = 16.4;
  363   4                  }
  364   3                  break;
  365   3              }
  366   2              
  367   2              if(1 == return_state)
  368   2              {
  369   3                  break;
  370   3              }
  371   2          }
  372   1          while(0);
  373   1          
  374   1          return return_state;
  375   1      }
  376          
  377          


Module Information          Static   Overlayable
------------------------------------------------
  code size            =      1207     ------
  ecode size           =    ------     ------
  data size            =    ------     ------
  idata size           =    ------     ------
  pdata size           =    ------     ------
  xdata size           =        70     ------
  xdata-const size     =    ------     ------
  edata size           =    ------     ------
  bit size             =    ------     ------
  ebit size            =    ------     ------
  bitaddressable size  =    ------     ------
  ebitaddressable size =    ------     ------
  far data size        =    ------     ------
  huge data size       =    ------     ------
  const size           =    ------     ------
  hconst size          =       222     ------
C251 COMPILER V5.60.0,  zf_device_imu660ra                                                 12/06/25  20:23:00  PAGE 8   

End of Module Information.


C251 COMPILATION COMPLETE.  0 WARNING(S),  0 ERROR(S)
